accountsservice
adduser
apparmor
apt
apt-transport-https
apt-utils
apt-xapian-index
aptitude
at
base-files
base-passwd
bash
bash-completion
bind9-host
binutils
bsdmainutils
bsdutils
busybox-initramfs
busybox-static
bzip2
ca-certificates
command-not-found
command-not-found-data
console-setup
coreutils
cpio
cpp
cpp-4.6
crda
cron
dash
dbus
debconf
debconf-i18n
debianutils
diffutils
dkms
dmidecode
dmsetup
dnsutils
dosfstools
dpkg
e2fslibs
e2fsprogs
ed
eject
fakeroot
file
findutils
friendly-recovery
ftp
fuse
gcc
gcc-4.6
gcc-4.6-base
geoip-database
gettext-base
gir1.2-glib-2.0
gnupg
gpgv
grep
groff-base
grub-common
grub-gfxpayload-lists
grub-pc
grub-pc-bin
grub2-common
gzip
hdparm
hostname
ifupdown
info
initramfs-tools
initramfs-tools-bin
initscripts
insserv
install-info
installation-report
iproute
iptables
iputils-ping
iputils-tracepath
irqbalance
isc-dhcp-client
isc-dhcp-common
iso-codes
kbd
keyboard-configuration
klibc-utils
krb5-locales
language-pack-en
language-pack-en-base
language-pack-gnome-en
language-pack-gnome-en-base
language-selector-common
laptop-detect
less
libaccountsservice0
libacl1
libapt-inst1.4
libapt-pkg4.12
libasn1-8-heimdal
libattr1
libbind9-80
libblkid1
libboost-iostreams1.46.1
libbsd0
libbz2-1.0
libc-bin
libc-dev-bin
libc6
libc6-dev
libcap-ng0
libcap2
libclass-accessor-perl
libclass-isa-perl
libcomerr2
libcurl3-gnutls
libcwidget3
libdb5.1
libdbus-1-3
libdbus-glib-1-2
libdevmapper-event1.02.1
libdevmapper1.02.1
libdns81
libdrm-intel1
libdrm-nouveau1a
libdrm-radeon1
libdrm2
libedit2
libelf1
libept1.4.12
libevent-2.0-5
libexpat1
libffi6
libfreetype6
libfribidi0
libfuse2
libgcc1
libgcrypt11
libgdbm3
libgeoip1
libgirepository-1.0-1
libglib2.0-0
libgmp10
libgnutls26
libgomp1
libgpg-error0
libgpm2
libgssapi-krb5-2
libgssapi3-heimdal
libgssglue1
libhcrypto4-heimdal
libheimbase1-heimdal
libheimntlm0-heimdal
libhx509-5-heimdal
libidn11
libio-string-perl
libisc83
libisccc80
libisccfg82
libk5crypto3
libkeyutils1
libklibc
libkrb5-26-heimdal
libkrb5-3
libkrb5support0
libldap-2.4-2
liblocale-gettext-perl
liblockfile-bin
liblockfile1
liblua5.1-0
liblwres80
liblzma5
libmagic1
libmount1
libmpc2
libmpfr4
libncurses5
libncurses5-dev
libncursesw5
libnewt0.52
libnfnetlink0
libnfsidmap2
libnih-dbus1
libnih1
libnl-3-200
libnl-genl-3-200
libnspr4
libnss3
libopts25
libp11-kit0
libpam-modules
libpam-modules-bin
libpam-runtime
libpam0g
libparse-debianchangelog-perl
libparted0debian1
libpcap0.8
libpci3
libpciaccess0
libpcre3
libpipeline1
libplymouth2
libpng12-0
libpolkit-gobject-1-0
libpopt0
libpython2.7
libquadmath0
libreadline-dev
libreadline6
libreadline6-dev
libroken18-heimdal
librpm2
librpmbuild2
librpmio2
librpmsign0
librtmp0
libsasl2-2
libsasl2-modules
libselinux1
libsigc++-2.0-0c2a
libslang2
libsqlite3-0
libss2
libssl-dev
libssl-doc
libssl1.0.0
libstdc++6
libsub-name-perl
libswitch-perl
libtasn1-3
libtext-charwidth-perl
libtext-iconv-perl
libtext-wrapi18n-perl
libtimedate-perl
libtinfo-dev
libtinfo5
libtirpc1
libudev0
libusb-0.1-4
libusb-1.0-0
libuuid1
libwind0-heimdal
libwrap0
libx11-6
libx11-data
libxapian22
libxau6
libxcb1
libxdmcp6
libxext6
libxml2
libxmuu1
linux-firmware
linux-generic-pae
linux-headers-3.2.0-23
linux-headers-3.2.0-23-generic-pae
linux-image-3.2.0-23-generic-pae
linux-image-generic-pae
linux-libc-dev
locales
lockfile-progs
login
logrotate
lsb-base
lsb-release
lshw
lsof
ltrace
lvm2
make
makedev
man-db
manpages
manpages-dev
mawk
mc
mc-data
memtest86+
mime-support
mlocate
module-init-tools
mount
mountall
mtr-tiny
multiarch-support
nano
ncurses-base
ncurses-bin
net-tools
netbase
netcat-openbsd
nfs-common
ntfs-3g
ntp
ntpdate
openssh-client
openssh-server
openssl
os-prober
parted
passwd
patch
pciutils
perl
perl-base
perl-modules
plymouth
plymouth-theme-ubuntu-text
popularity-contest
powermgmt-base
ppp
pppconfig
pppoeconf
procps
psmisc
python
python-apt
python-apt-common
python-chardet
python-dbus
python-dbus-dev
python-debian
python-gdbm
python-gi
python-gnupginterface
python-minimal
python-xapian
python2.7
python2.7-minimal
readline-common
resolvconf
rpcbind
rpm
rpm-common
rpm2cpio
rsync
rsyslog
sed
sensible-utils
sgml-base
ssh-import-id
strace
sudo
sysv-rc
sysvinit-utils
tar
tasksel
tasksel-data
tcpd
tcpdump
telnet
time
tzdata
ubuntu-keyring
ubuntu-minimal
ubuntu-standard
ucf
udev
ufw
unzip
update-manager-core
upstart
ureadahead
usbutils
util-linux
uuid-runtime
vim
vim-common
vim-runtime
vim-tiny
watershed
wget
whiptail
wireless-regdb
xauth
xkb-data
xml-core
xz-lzma
xz-utils
zlib1g
zlib1g-dev
